<?xml version="1.0" encoding="UTF-8"?>
<!-- Generated by org.testng.reporters.JUnitReportReporter -->
<testsuite hostname="Metalok" failures="0" tests="1" name="RealEstate_Functionalities.TC_003_DigitalTwin" time="20.099" errors="0" timestamp="2024-04-24T19:29:20 IST" skipped="0">
  <testcase classname="RealEstate_Functionalities.TC_003_DigitalTwin" name="productsTest" time="20.099"/>
  <system-out/>
</testsuite> <!-- RealEstate_Functionalities.TC_003_DigitalTwin -->
