<?xml version="1.0" encoding="UTF-8"?>
<!-- Generated by org.testng.reporters.JUnitReportReporter -->
<testsuite hostname="Metalok" failures="0" tests="1" name="RealEstate_Functionalities.TC_002_Experience_Center" time="64.467" errors="0" timestamp="2024-04-22T12:12:11 IST" skipped="0">
  <testcase classname="RealEstate_Functionalities.TC_002_Experience_Center" name="experienceTest" time="64.467"/>
  <system-out/>
</testsuite> <!-- RealEstate_Functionalities.TC_002_Experience_Center -->
