<?xml version="1.0" encoding="UTF-8"?>
<!-- Generated by org.testng.reporters.JUnitReportReporter -->
<testsuite hostname="Metalok" failures="0" tests="1" name="RealEstate_Functionalities.TC_001_Products" time="48.373" errors="0" timestamp="2024-04-29T12:13:14 IST" skipped="0">
  <testcase classname="RealEstate_Functionalities.TC_001_Products" name="productsTest" time="48.373"/>
  <system-out/>
</testsuite> <!-- RealEstate_Functionalities.TC_001_Products -->
