<?xml version="1.0" encoding="UTF-8"?>
<!-- Generated by org.testng.reporters.JUnitReportReporter -->
<testsuite hostname="Metalok" failures="0" tests="1" name="RealEstate_Functionalities.TC_004_Collaborator_Page" time="14.010" errors="0" timestamp="2024-04-26T17:41:20 IST" skipped="0">
  <testcase classname="RealEstate_Functionalities.TC_004_Collaborator_Page" name="productsTest" time="14.010"/>
  <system-out/>
</testsuite> <!-- RealEstate_Functionalities.TC_004_Collaborator_Page -->
